<?xml version="1.0" encoding="UTF-8"?>
<testng-results skipped="0" failed="0" ignored="0" total="3" passed="3">
  <reporter-output>
  </reporter-output>
  <suite name="Default suite" duration-ms="39909" started-at="2020-02-01T05:57:17Z" finished-at="2020-02-01T05:57:57Z">
    <groups>
      <group name="cucumber">
        <method signature="AbstractTestNGCucumberTests.runScenario(cucumber.api.testng.PickleEventWrapper, cucumber.api.testng.CucumberFeatureWrapper)[pri:0, instance:com.leafBot.testcases.TC001_LoginLogOut@3108bc]" name="runScenario" class="cucumber.api.testng.AbstractTestNGCucumberTests"/>
      </group> <!-- cucumber -->
    </groups>
    <test name="Default test" duration-ms="39909" started-at="2020-02-01T05:57:17Z" finished-at="2020-02-01T05:57:57Z">
      <class name="com.leafBot.testcases.TC001_LoginLogOut">
        <test-method status="PASS" signature="startReport()[pri:0, instance:com.leafBot.testcases.TC001_LoginLogOut@3108bc]" name="startReport" is-config="true" duration-ms="272" started-at="2020-02-01T05:57:17Z" finished-at="2020-02-01T05:57:17Z">
          <reporter-output>
          </reporter-output>
        </test-method> <!-- startReport -->
        <test-method status="PASS" signature="setValues()[pri:0, instance:com.leafBot.testcases.TC001_LoginLogOut@3108bc]" name="setValues" is-config="true" duration-ms="0" started-at="2020-02-01T05:57:17Z" finished-at="2020-02-01T05:57:17Z">
          <reporter-output>
          </reporter-output>
        </test-method> <!-- setValues -->
        <test-method status="PASS" signature="setUpClass()[pri:0, instance:com.leafBot.testcases.TC001_LoginLogOut@3108bc]" name="setUpClass" is-config="true" duration-ms="202" started-at="2020-02-01T05:57:17Z" finished-at="2020-02-01T05:57:17Z">
          <reporter-output>
          </reporter-output>
        </test-method> <!-- setUpClass -->
        <test-method status="PASS" signature="report()[pri:0, instance:com.leafBot.testcases.TC001_LoginLogOut@3108bc]" name="report" is-config="true" duration-ms="10" started-at="2020-02-01T05:57:17Z" finished-at="2020-02-01T05:57:17Z">
          <reporter-output>
          </reporter-output>
        </test-method> <!-- report -->
        <test-method status="PASS" signature="beforeMethod()[pri:0, instance:com.leafBot.testcases.TC001_LoginLogOut@3108bc]" name="beforeMethod" is-config="true" duration-ms="11386" started-at="2020-02-01T05:57:18Z" finished-at="2020-02-01T05:57:30Z">
          <reporter-output>
          </reporter-output>
        </test-method> <!-- beforeMethod -->
        <test-method status="PASS" signature="createLeaf(java.lang.String, java.lang.String)[pri:0, instance:com.leafBot.testcases.TC001_LoginLogOut@3108bc]" name="createLeaf" duration-ms="2461" started-at="2020-02-01T05:57:30Z" data-provider="fetchData" finished-at="2020-02-01T05:57:32Z">
          <params>
            <param index="0">
              <value>
                <![CDATA[DemoSalesManager]]>
              </value>
            </param>
            <param index="1">
              <value>
                <![CDATA[crmsfa]]>
              </value>
            </param>
          </params>
          <reporter-output>
          </reporter-output>
        </test-method> <!-- createLeaf -->
        <test-method status="PASS" signature="afterMethod()[pri:0, instance:com.leafBot.testcases.TC001_LoginLogOut@3108bc]" name="afterMethod" is-config="true" duration-ms="132" started-at="2020-02-01T05:57:32Z" finished-at="2020-02-01T05:57:32Z">
          <reporter-output>
          </reporter-output>
        </test-method> <!-- afterMethod -->
        <test-method status="PASS" signature="beforeMethod()[pri:0, instance:com.leafBot.testcases.TC001_LoginLogOut@3108bc]" name="beforeMethod" is-config="true" duration-ms="9923" started-at="2020-02-01T05:57:32Z" finished-at="2020-02-01T05:57:42Z">
          <reporter-output>
          </reporter-output>
        </test-method> <!-- beforeMethod -->
        <test-method status="PASS" signature="createLeaf(java.lang.String, java.lang.String)[pri:0, instance:com.leafBot.testcases.TC001_LoginLogOut@3108bc]" name="createLeaf" duration-ms="2398" started-at="2020-02-01T05:57:42Z" data-provider="fetchData" finished-at="2020-02-01T05:57:44Z">
          <params>
            <param index="0">
              <value>
                <![CDATA[DemoCSR]]>
              </value>
            </param>
            <param index="1">
              <value>
                <![CDATA[crmsfa]]>
              </value>
            </param>
          </params>
          <reporter-output>
          </reporter-output>
        </test-method> <!-- createLeaf -->
        <test-method status="PASS" signature="afterMethod()[pri:0, instance:com.leafBot.testcases.TC001_LoginLogOut@3108bc]" name="afterMethod" is-config="true" duration-ms="132" started-at="2020-02-01T05:57:45Z" finished-at="2020-02-01T05:57:45Z">
          <reporter-output>
          </reporter-output>
        </test-method> <!-- afterMethod -->
        <test-method status="PASS" signature="beforeMethod()[pri:0, instance:com.leafBot.testcases.TC001_LoginLogOut@3108bc]" name="beforeMethod" is-config="true" duration-ms="9849" started-at="2020-02-01T05:57:45Z" finished-at="2020-02-01T05:57:54Z">
          <reporter-output>
          </reporter-output>
        </test-method> <!-- beforeMethod -->
        <test-method status="PASS" signature="createLeaf(java.lang.String, java.lang.String)[pri:0, instance:com.leafBot.testcases.TC001_LoginLogOut@3108bc]" name="createLeaf" duration-ms="2307" started-at="2020-02-01T05:57:54Z" data-provider="fetchData" finished-at="2020-02-01T05:57:57Z">
          <params>
            <param index="0">
              <value>
                <![CDATA[DemoCSR2]]>
              </value>
            </param>
            <param index="1">
              <value>
                <![CDATA[crmsfa]]>
              </value>
            </param>
          </params>
          <reporter-output>
          </reporter-output>
        </test-method> <!-- createLeaf -->
        <test-method status="PASS" signature="afterMethod()[pri:0, instance:com.leafBot.testcases.TC001_LoginLogOut@3108bc]" name="afterMethod" is-config="true" duration-ms="84" started-at="2020-02-01T05:57:57Z" finished-at="2020-02-01T05:57:57Z">
          <reporter-output>
          </reporter-output>
        </test-method> <!-- afterMethod -->
        <test-method status="PASS" signature="tearDownClass()[pri:0, instance:com.leafBot.testcases.TC001_LoginLogOut@3108bc]" name="tearDownClass" is-config="true" duration-ms="5" started-at="2020-02-01T05:57:57Z" finished-at="2020-02-01T05:57:57Z">
          <reporter-output>
          </reporter-output>
        </test-method> <!-- tearDownClass -->
        <test-method status="PASS" signature="stopReport()[pri:0, instance:com.leafBot.testcases.TC001_LoginLogOut@3108bc]" name="stopReport" is-config="true" duration-ms="368" started-at="2020-02-01T05:57:57Z" finished-at="2020-02-01T05:57:57Z">
          <reporter-output>
          </reporter-output>
        </test-method> <!-- stopReport -->
      </class> <!-- com.leafBot.testcases.TC001_LoginLogOut -->
    </test> <!-- Default test -->
  </suite> <!-- Default suite -->
</testng-results>
